0 info it worked if it ends with ok
1 verbose cli [ '/usr/local/bin/node', '/usr/local/bin/npm', 'run', 'dev' ]
2 info using npm@3.3.12
3 info using node@v5.5.0
4 verbose run-script [ 'predev', 'dev', 'postdev' ]
5 info lifecycle nw.js-example@1.0.0~predev: nw.js-example@1.0.0
6 silly lifecycle nw.js-example@1.0.0~predev: no script for predev, continuing
7 info lifecycle nw.js-example@1.0.0~dev: nw.js-example@1.0.0
8 verbose lifecycle nw.js-example@1.0.0~dev: unsafe-perm in lifecycle true
9 verbose lifecycle nw.js-example@1.0.0~dev: PATH: /usr/local/lib/node_modules/npm/bin/node-gyp-bin:/home/pravin/Documents/project/jslinformat/node_modules/.bin:/usr/local/sbin:/usr/local/bin:/usr/sbin:/usr/bin:/sbin:/bin:/usr/games:/usr/local/games:/snap/bin
10 verbose lifecycle nw.js-example@1.0.0~dev: CWD: /home/pravin/Documents/project/jslinformat
11 silly lifecycle nw.js-example@1.0.0~dev: Args: [ '-c', 'nw src/' ]
12 info lifecycle nw.js-example@1.0.0~dev: Failed to exec dev script
13 verbose stack Error: nw.js-example@1.0.0 dev: `nw src/`
13 verbose stack spawn ENOENT
13 verbose stack     at ChildProcess.<anonymous> (/usr/local/lib/node_modules/npm/lib/utils/spawn.js:17:16)
13 verbose stack     at emitTwo (events.js:100:13)
13 verbose stack     at ChildProcess.emit (events.js:185:7)
13 verbose stack     at maybeClose (internal/child_process.js:821:16)
13 verbose stack     at Process.ChildProcess._handle.onexit (internal/child_process.js:211:5)
14 verbose pkgid nw.js-example@1.0.0
15 verbose cwd /home/pravin/Documents/project/jslinformat
16 error Linux 4.4.0-64-generic
17 error argv "/usr/local/bin/node" "/usr/local/bin/npm" "run" "dev"
18 error node v5.5.0
19 error npm  v3.3.12
20 error file sh
21 error code ELIFECYCLE
22 error errno ENOENT
23 error syscall spawn
24 error nw.js-example@1.0.0 dev: `nw src/`
24 error spawn ENOENT
25 error Failed at the nw.js-example@1.0.0 dev script 'nw src/'.
25 error Make sure you have the latest version of node.js and npm installed.
25 error If you do, this is most likely a problem with the nw.js-example package,
25 error not with npm itself.
25 error Tell the author that this fails on your system:
25 error     nw src/
25 error You can get their info via:
25 error     npm owner ls nw.js-example
25 error There is likely additional logging output above.
26 verbose exit [ 1, true ]
